[debug] [2026-06-25T16:16:07.559Z] ----------------------------------------------------------------------
[debug] [2026-06-25T16:16:07.565Z] Command:       C:\Program Files\nodejs\node.exe C:\Users\timmy.karlsson\AppData\Roaming\npm\node_modules\firebase-tools\lib\bin\firebase.js deploy --only functions:getSongYearsAiBatch
[debug] [2026-06-25T16:16:07.565Z] CLI Version:   15.20.0
[debug] [2026-06-25T16:16:07.565Z] Platform:      win32
[debug] [2026-06-25T16:16:07.566Z] Node Version:  v24.11.0
[debug] [2026-06-25T16:16:07.566Z] Time:          Thu Jun 25 2026 18:16:07 GMT+0200 (centraleuropeisk sommartid)
[debug] [2026-06-25T16:16:07.566Z] ----------------------------------------------------------------------
[debug] 
[debug] [2026-06-25T16:16:10.719Z] > command requires scopes: ["email","openid","https://www.googleapis.com/auth/cloudplatformprojects.readonly","https://www.googleapis.com/auth/firebase","https://www.googleapis.com/auth/cloud-platform"]
[debug] [2026-06-25T16:16:10.720Z] > authorizing via signed-in user (timmykarlsson@gmail.com)
[debug] [2026-06-25T16:16:10.720Z] [iam] checking project beatlinefirebase for permissions ["cloudfunctions.functions.create","cloudfunctions.functions.delete","cloudfunctions.functions.get","cloudfunctions.functions.list","cloudfunctions.functions.update","cloudfunctions.operations.get","firebase.projects.get"]
[debug] [2026-06-25T16:16:10.721Z] Checked if tokens are valid: false, expires at: 1782390576848
[debug] [2026-06-25T16:16:10.722Z] Checked if tokens are valid: false, expires at: 1782390576848
[debug] [2026-06-25T16:16:10.722Z] > refreshing access token with scopes: []
[debug] [2026-06-25T16:16:10.725Z] >>> [apiv2][query] POST https://www.googleapis.com/oauth2/v3/token [none]
[debug] [2026-06-25T16:16:10.725Z] >>> [apiv2][body] POST https://www.googleapis.com/oauth2/v3/token [omitted]
[debug] [2026-06-25T16:16:10.851Z] <<< [apiv2][status] POST https://www.googleapis.com/oauth2/v3/token 200
[debug] [2026-06-25T16:16:10.851Z] <<< [apiv2][body] POST https://www.googleapis.com/oauth2/v3/token [omitted]
[debug] [2026-06-25T16:16:10.865Z] >>> [apiv2][query] POST https://cloudresourcemanager.googleapis.com/v1/projects/beatlinefirebase:testIamPermissions [none]
[debug] [2026-06-25T16:16:10.865Z] >>> [apiv2][(partial)header] POST https://cloudresourcemanager.googleapis.com/v1/projects/beatlinefirebase:testIamPermissions  x-goog-user-project=beatlinefirebase
[debug] [2026-06-25T16:16:10.866Z] >>> [apiv2][body] POST https://cloudresourcemanager.googleapis.com/v1/projects/beatlinefirebase:testIamPermissions {"permissions":["cloudfunctions.functions.create","cloudfunctions.functions.delete","cloudfunctions.functions.get","cloudfunctions.functions.list","cloudfunctions.functions.update","cloudfunctions.operations.get","firebase.projects.get"]}
[debug] [2026-06-25T16:16:11.826Z] <<< [apiv2][status] POST https://cloudresourcemanager.googleapis.com/v1/projects/beatlinefirebase:testIamPermissions 200
[debug] [2026-06-25T16:16:11.826Z] <<< [apiv2][body] POST https://cloudresourcemanager.googleapis.com/v1/projects/beatlinefirebase:testIamPermissions {"permissions":["cloudfunctions.functions.create","cloudfunctions.functions.delete","cloudfunctions.functions.get","cloudfunctions.functions.list","cloudfunctions.functions.update","cloudfunctions.operations.get","firebase.projects.get"]}
[debug] [2026-06-25T16:16:11.826Z] Checked if tokens are valid: true, expires at: 1782407769851
[debug] [2026-06-25T16:16:11.827Z] Checked if tokens are valid: true, expires at: 1782407769851
[debug] [2026-06-25T16:16:11.827Z] >>> [apiv2][query] POST https://iam.googleapis.com/v1/projects/beatlinefirebase/serviceAccounts/beatlinefirebase@appspot.gserviceaccount.com:testIamPermissions [none]
[debug] [2026-06-25T16:16:11.827Z] >>> [apiv2][body] POST https://iam.googleapis.com/v1/projects/beatlinefirebase/serviceAccounts/beatlinefirebase@appspot.gserviceaccount.com:testIamPermissions {"permissions":["iam.serviceAccounts.actAs"]}
[debug] [2026-06-25T16:16:12.626Z] <<< [apiv2][status] POST https://iam.googleapis.com/v1/projects/beatlinefirebase/serviceAccounts/beatlinefirebase@appspot.gserviceaccount.com:testIamPermissions 200
[debug] [2026-06-25T16:16:12.626Z] <<< [apiv2][body] POST https://iam.googleapis.com/v1/projects/beatlinefirebase/serviceAccounts/beatlinefirebase@appspot.gserviceaccount.com:testIamPermissions {"permissions":["iam.serviceAccounts.actAs"]}
[info] 
[info] === Deploying to 'beatlinefirebase'...
[info] 
[info] i  deploying functions 
[debug] [2026-06-25T16:16:12.633Z] Checked if tokens are valid: true, expires at: 1782407769851
[debug] [2026-06-25T16:16:12.633Z] Checked if tokens are valid: true, expires at: 1782407769851
[debug] [2026-06-25T16:16:12.633Z] >>> [apiv2][query] GET https://cloudresourcemanager.googleapis.com/v1/projects/beatlinefirebase [none]
[debug] [2026-06-25T16:16:12.903Z] <<< [apiv2][status] GET https://cloudresourcemanager.googleapis.com/v1/projects/beatlinefirebase 200
[debug] [2026-06-25T16:16:12.904Z] <<< [apiv2][body] GET https://cloudresourcemanager.googleapis.com/v1/projects/beatlinefirebase {"projectNumber":"196231817325","projectId":"beatlinefirebase","lifecycleState":"ACTIVE","name":"Notestream","labels":{"firebase":"enabled","firebase-core":"disabled"},"createTime":"2025-04-03T14:19:14.512187Z"}
[info] i  functions: preparing codebase default for deployment 
[info] i  functions: ensuring required API cloudfunctions.googleapis.com is enabled... 
[info] i  functions: ensuring required API cloudbuild.googleapis.com is enabled... 
[info] i  artifactregistry: ensuring required API artifactregistry.googleapis.com is enabled... 
[debug] [2026-06-25T16:16:12.913Z] Checked if tokens are valid: true, expires at: 1782407769851
[debug] [2026-06-25T16:16:12.913Z] Checked if tokens are valid: true, expires at: 1782407769851
[debug] [2026-06-25T16:16:12.914Z] >>> [apiv2][query] GET https://firebase.googleapis.com/v1beta1/projects/beatlinefirebase/adminSdkConfig [none]
[debug] [2026-06-25T16:16:13.311Z] <<< [apiv2][status] GET https://firebase.googleapis.com/v1beta1/projects/beatlinefirebase/adminSdkConfig 200
[debug] [2026-06-25T16:16:13.311Z] <<< [apiv2][body] GET https://firebase.googleapis.com/v1beta1/projects/beatlinefirebase/adminSdkConfig {"projectId":"beatlinefirebase","databaseURL":"https://beatlinefirebase-default-rtdb.europe-west1.firebasedatabase.app","storageBucket":"beatlinefirebase.firebasestorage.app"}
[debug] [2026-06-25T16:16:13.312Z] Checked if tokens are valid: true, expires at: 1782407769851
[debug] [2026-06-25T16:16:13.312Z] Checked if tokens are valid: true, expires at: 1782407769851
[debug] [2026-06-25T16:16:13.312Z] >>> [apiv2][query] GET https://runtimeconfig.googleapis.com/v1beta1/projects/beatlinefirebase/configs [none]
[debug] [2026-06-25T16:16:14.323Z] <<< [apiv2][status] GET https://runtimeconfig.googleapis.com/v1beta1/projects/beatlinefirebase/configs 200
[debug] [2026-06-25T16:16:14.323Z] <<< [apiv2][body] GET https://runtimeconfig.googleapis.com/v1beta1/projects/beatlinefirebase/configs {"configs":[{"name":"projects/beatlinefirebase/configs/spotify"}]}
[debug] [2026-06-25T16:16:14.323Z] Checked if tokens are valid: true, expires at: 1782407769851
[debug] [2026-06-25T16:16:14.323Z] Checked if tokens are valid: true, expires at: 1782407769851
[debug] [2026-06-25T16:16:14.324Z] >>> [apiv2][query] GET https://runtimeconfig.googleapis.com/v1beta1/projects/beatlinefirebase/configs/spotify/variables [none]
[debug] [2026-06-25T16:16:15.312Z] <<< [apiv2][status] GET https://runtimeconfig.googleapis.com/v1beta1/projects/beatlinefirebase/configs/spotify/variables 200
[debug] [2026-06-25T16:16:15.312Z] <<< [apiv2][body] GET https://runtimeconfig.googleapis.com/v1beta1/projects/beatlinefirebase/configs/spotify/variables {"variables":[{"name":"projects/beatlinefirebase/configs/spotify/variables/client_secret","updateTime":"2025-05-09T23:48:32.573132687Z"},{"name":"projects/beatlinefirebase/configs/spotify/variables/client_id","updateTime":"2025-05-09T23:48:32.051458089Z"}]}
[debug] [2026-06-25T16:16:15.313Z] Checked if tokens are valid: true, expires at: 1782407769851
[debug] [2026-06-25T16:16:15.313Z] Checked if tokens are valid: true, expires at: 1782407769851
[debug] [2026-06-25T16:16:15.313Z] Checked if tokens are valid: true, expires at: 1782407769851
[debug] [2026-06-25T16:16:15.313Z] Checked if tokens are valid: true, expires at: 1782407769851
[debug] [2026-06-25T16:16:15.313Z] >>> [apiv2][query] GET https://runtimeconfig.googleapis.com/v1beta1/projects/beatlinefirebase/configs/spotify/variables/client_secret [none]
[debug] [2026-06-25T16:16:15.314Z] >>> [apiv2][query] GET https://runtimeconfig.googleapis.com/v1beta1/projects/beatlinefirebase/configs/spotify/variables/client_id [none]
[debug] [2026-06-25T16:16:15.882Z] <<< [apiv2][status] GET https://runtimeconfig.googleapis.com/v1beta1/projects/beatlinefirebase/configs/spotify/variables/client_id 200
[debug] [2026-06-25T16:16:15.882Z] <<< [apiv2][body] GET https://runtimeconfig.googleapis.com/v1beta1/projects/beatlinefirebase/configs/spotify/variables/client_id {"name":"projects/beatlinefirebase/configs/spotify/variables/client_id","updateTime":"2025-05-09T23:48:32.051458089Z","text":"3033344ef55647b8b70ef1dccfa7e65f"}
[debug] [2026-06-25T16:16:16.398Z] <<< [apiv2][status] GET https://runtimeconfig.googleapis.com/v1beta1/projects/beatlinefirebase/configs/spotify/variables/client_secret 200
[debug] [2026-06-25T16:16:16.398Z] <<< [apiv2][body] GET https://runtimeconfig.googleapis.com/v1beta1/projects/beatlinefirebase/configs/spotify/variables/client_secret {"name":"projects/beatlinefirebase/configs/spotify/variables/client_secret","updateTime":"2025-05-09T23:48:32.573132687Z","text":"a12ea29b5d7a47fa8a62b39d8e0dc6e1"}
[debug] [2026-06-25T16:16:16.400Z] Validating nodejs source
[warn] !  functions: Runtime Node.js 20 was deprecated on 2026-04-30 and will be decommissioned on 2026-10-30, after which you will not be able to deploy without upgrading. Consider upgrading now to avoid disruption. See https://cloud.google.com/functions/docs/runtime-support for full details on the lifecycle policy 
[warn] !  functions: package.json indicates an outdated version of firebase-functions. Please upgrade using npm install --save firebase-functions@latest in your functions directory. 
[warn] !  functions: Please note that there will be breaking changes when you upgrade. 
[debug] [2026-06-25T16:16:18.900Z] > [functions] package.json contents: {
  "name": "functions",
  "version": "1.0.0",
  "engines": {
    "node": "20"
  },
  "main": "index.js",
  "type": "commonjs",
  "dependencies": {
    "firebase-admin": "^12.5.0",
    "firebase-functions": "^4.6.0"
  }
}
[debug] [2026-06-25T16:16:18.901Z] Building nodejs source
[info] i  functions: Loading and analyzing source code for codebase default to determine what to deploy 
[info] i  functions: You are using a version of firebase-functions SDK (4.9.0) that does not have support for the newest Firebase Extensions features. Please update firebase-functions SDK to >=5.1.0 to use them correctly 
[debug] [2026-06-25T16:16:18.905Z] Could not find functions.yaml. Must use http discovery
[debug] [2026-06-25T16:16:18.921Z] Found firebase-functions binary at 'C:\Users\timmy.karlsson\Documents\Privat\Hitster\HTML-Json\Github backup 250403 1735\Beatline-firebase\Beatline-firebase\functions\node_modules\.bin\firebase-functions'
[info] Serving at port 8518

[debug] [2026-06-25T16:16:21.386Z] Got response from /__/functions.yaml {"endpoints":{"hostStart":{"platform":"gcfv1","labels":{},"availableMemoryMb":null,"timeoutSeconds":null,"minInstances":null,"maxInstances":null,"ingressSettings":null,"serviceAccountEmail":null,"vpc":null,"region":["europe-west1"],"callableTrigger":{},"entryPoint":"hostStart"},"cleanupOldGames":{"platform":"gcfv1","availableMemoryMb":null,"timeoutSeconds":null,"minInstances":null,"maxInstances":null,"ingressSettings":null,"serviceAccountEmail":null,"vpc":null,"region":["europe-west1"],"scheduleTrigger":{"schedule":"every 6 hours","retryConfig":{"retryCount":null,"maxDoublings":null,"maxRetryDuration":null,"maxBackoffDuration":null,"minBackoffDuration":null},"timeZone":"Europe/Stockholm"},"labels":{},"entryPoint":"cleanupOldGames"},"getSongYearAi":{"platform":"gcfv1","labels":{},"availableMemoryMb":null,"timeoutSeconds":null,"minInstances":null,"maxInstances":null,"ingressSettings":null,"serviceAccountEmail":null,"vpc":null,"region":["europe-west1"],"callableTrigger":{},"entryPoint":"getSongYearAi"},"getSongYearsAiBatch":{"platform":"gcfv1","labels":{},"availableMemoryMb":512,"timeoutSeconds":540,"minInstances":null,"maxInstances":null,"ingressSettings":null,"serviceAccountEmail":null,"vpc":null,"region":["europe-west1"],"callableTrigger":{},"entryPoint":"getSongYearsAiBatch"},"getSpotifyToken":{"platform":"gcfv1","labels":{},"availableMemoryMb":null,"timeoutSeconds":null,"minInstances":null,"maxInstances":null,"ingressSettings":null,"serviceAccountEmail":null,"vpc":null,"region":["europe-west1"],"callableTrigger":{},"entryPoint":"getSpotifyToken"}},"specVersion":"v1alpha1","requiredAPIs":[{"api":"cloudscheduler.googleapis.com","reason":"Needed for scheduled functions."}]}
